<?xml version="1.0" encoding="UTF-8"?>
<!-- Generated by org.testng.reporters.JUnitReportReporter -->
<testsuite hostname="DESKTOP-6S6A9LA" failures="0" tests="1" name="com.testselenium.FirstTest" time="6.849" errors="0" timestamp="06 Sep 2025 14:16:11 GMT" skipped="0">
  <testcase classname="com.testselenium.FirstTest" name="testLogin" time="6.849"/>
</testsuite> <!-- com.testselenium.FirstTest -->
